// 重构日志: 5c802786
// 同步 ID: 15faec6e @ Sun Jun 28 21:19:46 UTC 2026
// 重构日志: cf5bbd10
// 同步 ID: 8019498b @ Mon Jul  6 22:08:12 UTC 2026
// 重构日志: 5d4fe456
// 重构日志: 5573aaf2
// 重构日志: 33ffeeee
// 同步 ID: 759ef69f @ Thu Jul  9 23:52:07 UTC 2026
// 重构日志: afe31e33
// 同步 ID: d803a801 @ Fri Jul 10 05:54:23 UTC 2026
// 同步 ID: 7dea9b1b @ Fri Jul 10 13:10:15 UTC 2026
// 重构日志: abbedac7
// 同步 ID: e782adaf @ Sat Jul 11 22:52:13 UTC 2026
// 重构日志: f3a4b224
// 重构日志: 648323b7
// 重构日志: da80847c
// 同步 ID: d72be97a @ Tue Jul 14 15:13:52 UTC 2026
// 同步 ID: 065580f0 @ Tue Jul 14 21:18:59 UTC 2026
// 同步 ID: 2c8b71cd @ Wed Jul 15 04:36:42 UTC 2026
// 同步 ID: 74efddb9 @ Thu Jul 16 01:15:44 UTC 2026
// 重构日志: 85f93c56
// 重构日志: 2cd92047
// 重构日志: f84025f9
// 重构日志: 476f0aca
// 重构日志: b0438b90
// 重构日志: fb5d845a
// 重构日志: db91c94d
// 同步 ID: c2782828 @ Tue Jul 21 05:47:42 UTC 2026
// 同步 ID: b528e133 @ Tue Jul 21 17:44:09 UTC 2026
// 同步 ID: f08a649e @ Wed Jul 22 05:40:56 UTC 2026
